[debug] [2025-04-21T06:35:04.281Z] ----------------------------------------------------------------------
[debug] [2025-04-21T06:35:04.283Z] Command:       /usr/local/bin/node /Users/rizky/.npm-global/bin/firebase init
[debug] [2025-04-21T06:35:04.283Z] CLI Version:   14.2.0
[debug] [2025-04-21T06:35:04.283Z] Platform:      darwin
[debug] [2025-04-21T06:35:04.283Z] Node Version:  v22.14.0
[debug] [2025-04-21T06:35:04.283Z] Time:          Mon Apr 21 2025 13:35:04 GMT+0700 (Western Indonesia Time)
[debug] [2025-04-21T06:35:04.283Z] ----------------------------------------------------------------------
[debug] 
[debug] [2025-04-21T06:35:04.288Z] > command requires scopes: ["email","openid","https://www.googleapis.com/auth/cloudplatformprojects.readonly","https://www.googleapis.com/auth/firebase","https://www.googleapis.com/auth/cloud-platform"]
[debug] [2025-04-21T06:35:04.289Z] > authorizing via signed-in user (rizkyxw@gmail.com)
[info] 
     ######## #### ########  ######## ########     ###     ######  ########
     ##        ##  ##     ## ##       ##     ##  ##   ##  ##       ##
     ######    ##  ########  ######   ########  #########  ######  ######
     ##        ##  ##    ##  ##       ##     ## ##     ##       ## ##
     ##       #### ##     ## ######## ########  ##     ##  ######  ########

You're about to initialize a Firebase project in this directory:

  /Users/rizky/Documents/GitHub/portfolio-site

[info] 
=== Project Setup
[info] 
[info] First, let's associate this project directory with a Firebase project.
[info] You can create multiple project aliases by running firebase use --add, 
[info] but for now we'll just set up a default project.
[info] 
[info] i  If you want to create a project in a Google Cloud organization or folder, please use "firebase projects:create" instead, and return to this command when you've created the project. 
